GROUP,PACKAGE,CLASS,INSTRUCTION_MISSED,INSTRUCTION_COVERED,BRANCH_MISSED,BRANCH_COVERED,LINE_MISSED,LINE_COVERED,COMPLEXITY_MISSED,COMPLEXITY_COVERED,METHOD_MISSED,METHOD_COVERED
"org.apache.sling.api (7 Jun, 2019 1:25:14 AM)/org.apache.sling.api/src/main/java",org.apache.sling.api.adapter,SlingAdaptable,57,3,12,0,18,1,9,1,3,1
"org.apache.sling.api (7 Jun, 2019 1:25:14 AM)/org.apache.sling.api/src/main/java",org.apache.sling.api.servlets,HttpConstants,3,0,0,0,1,0,1,0,1,0
"org.apache.sling.api (7 Jun, 2019 1:25:14 AM)/org.apache.sling.api/src/main/java",org.apache.sling.api.servlets,SlingAllMethodsServlet,126,0,18,0,29,0,16,0,7,0
"org.apache.sling.api (7 Jun, 2019 1:25:14 AM)/org.apache.sling.api/src/main/java",org.apache.sling.api.servlets,ServletResolverConstants,3,0,0,0,1,0,1,0,1,0
"org.apache.sling.api (7 Jun, 2019 1:25:14 AM)/org.apache.sling.api/src/main/java",org.apache.sling.api.servlets,SlingSafeMethodsServlet,333,0,36,0,83,0,31,0,13,0
"org.apache.sling.api (7 Jun, 2019 1:25:14 AM)/org.apache.sling.api/src/main/java",org.apache.sling.api.servlets,HtmlResponse,482,0,42,0,122,0,51,0,29,0
"org.apache.sling.api (7 Jun, 2019 1:25:14 AM)/org.apache.sling.api/src/main/java",org.apache.sling.api.servlets,SlingSafeMethodsServlet.NoBodyOutputStream,36,0,2,0,11,0,7,0,6,0
"org.apache.sling.api (7 Jun, 2019 1:25:14 AM)/org.apache.sling.api/src/main/java",org.apache.sling.api.servlets,SlingSafeMethodsServlet.NoBodyResponse,53,0,4,0,15,0,7,0,5,0
"org.apache.sling.api (7 Jun, 2019 1:25:14 AM)/org.apache.sling.api/src/main/java",org.apache.sling.api.auth,NoAuthenticationHandlerException,3,0,0,0,2,0,1,0,1,0
"org.apache.sling.api (7 Jun, 2019 1:25:14 AM)/org.apache.sling.api/src/main/java",org.apache.sling.api.auth,Authenticator,4,0,0,0,1,0,1,0,1,0
"org.apache.sling.api (7 Jun, 2019 1:25:14 AM)/org.apache.sling.api/src/main/java",org.apache.sling.spi.resource.provider,ResourceContext,5,0,0,0,1,0,1,0,1,0
"org.apache.sling.api (7 Jun, 2019 1:25:14 AM)/org.apache.sling.api/src/main/java",org.apache.sling.spi.resource.provider,ResourceProvider,62,0,2,0,26,0,22,0,21,0
"org.apache.sling.api (7 Jun, 2019 1:25:14 AM)/org.apache.sling.api/src/main/java",org.apache.sling.spi.resource.provider,ResourceContext.new ResourceContext() {...},5,0,0,0,2,0,2,0,2,0
"org.apache.sling.api (7 Jun, 2019 1:25:14 AM)/org.apache.sling.api/src/main/java",org.apache.sling.api.security,AccessSecurityException,16,0,0,0,8,0,4,0,4,0
"org.apache.sling.api (7 Jun, 2019 1:25:14 AM)/org.apache.sling.api/src/main/java",org.apache.sling.api.resource.path,Path,0,347,0,57,0,79,0,40,0,11
"org.apache.sling.api (7 Jun, 2019 1:25:14 AM)/org.apache.sling.api/src/main/java",org.apache.sling.api.resource.path,PathBuilder,0,114,0,22,0,17,0,14,0,3
"org.apache.sling.api (7 Jun, 2019 1:25:14 AM)/org.apache.sling.api/src/main/java",org.apache.sling.api.resource.path,PathSet,72,250,10,28,14,56,10,25,5,11
"org.apache.sling.api (7 Jun, 2019 1:25:14 AM)/org.apache.sling.api/src/main/java",org.apache.sling.api.scripting,SlingScriptConstants,3,0,0,0,1,0,1,0,1,0
"org.apache.sling.api (7 Jun, 2019 1:25:14 AM)/org.apache.sling.api/src/main/java",org.apache.sling.api.scripting,SlingBindings,131,0,6,0,38,0,24,0,21,0
"org.apache.sling.api (7 Jun, 2019 1:25:14 AM)/org.apache.sling.api/src/main/java",org.apache.sling.api.scripting,InvalidServiceFilterSyntaxException,18,0,0,0,7,0,3,0,3,0
"org.apache.sling.api (7 Jun, 2019 1:25:14 AM)/org.apache.sling.api/src/main/java",org.apache.sling.api.scripting,ScriptEvaluationException,18,0,0,0,7,0,3,0,3,0
"org.apache.sling.api (7 Jun, 2019 1:25:14 AM)/org.apache.sling.api/src/main/java",org.apache.sling.api.resource.external,URIProvider.Operation,44,0,0,0,5,0,1,0,1,0
"org.apache.sling.api (7 Jun, 2019 1:25:14 AM)/org.apache.sling.api/src/main/java",org.apache.sling.api.resource.external,URIProvider.Scope,34,0,0,0,4,0,1,0,1,0
"org.apache.sling.api (7 Jun, 2019 1:25:14 AM)/org.apache.sling.api/src/main/java",org.apache.sling.api.wrappers,ResourceResolverWrapper.new Iterable() {...},25,0,0,0,2,0,2,0,2,0
"org.apache.sling.api (7 Jun, 2019 1:25:14 AM)/org.apache.sling.api/src/main/java",org.apache.sling.api.wrappers,SlingRequestPaths,71,0,12,0,12,0,13,0,7,0
"org.apache.sling.api (7 Jun, 2019 1:25:14 AM)/org.apache.sling.api/src/main/java",org.apache.sling.api.wrappers,SlingHttpServletResponseWrapper,13,0,0,0,4,0,3,0,3,0
"org.apache.sling.api (7 Jun, 2019 1:25:14 AM)/org.apache.sling.api/src/main/java",org.apache.sling.api.wrappers,DeepReadValueMapDecorator,124,0,12,0,28,0,13,0,7,0
"org.apache.sling.api (7 Jun, 2019 1:25:14 AM)/org.apache.sling.api/src/main/java",org.apache.sling.api.wrappers,ResourceResolverWrapper.ResourceResolverResourceWrapper,20,0,2,0,7,0,4,0,3,0
"org.apache.sling.api (7 Jun, 2019 1:25:14 AM)/org.apache.sling.api/src/main/java",org.apache.sling.api.wrappers,ModifiableValueMapDecorator,4,0,0,0,2,0,1,0,1,0
"org.apache.sling.api (7 Jun, 2019 1:25:14 AM)/org.apache.sling.api/src/main/java",org.apache.sling.api.wrappers,SlingHttpServletRequestWrapper,88,0,0,0,20,0,19,0,19,0
"org.apache.sling.api (7 Jun, 2019 1:25:14 AM)/org.apache.sling.api/src/main/java",org.apache.sling.api.wrappers,IteratorWrapper,18,0,0,0,7,0,4,0,4,0
"org.apache.sling.api (7 Jun, 2019 1:25:14 AM)/org.apache.sling.api/src/main/java",org.apache.sling.api.wrappers,ResourceResolverWrapper.ResourceIteratorWrapper,14,0,0,0,4,0,2,0,2,0
"org.apache.sling.api (7 Jun, 2019 1:25:14 AM)/org.apache.sling.api/src/main/java",org.apache.sling.api.wrappers,CompositeValueMap,78,144,16,22,18,30,17,19,7,10
"org.apache.sling.api (7 Jun, 2019 1:25:14 AM)/org.apache.sling.api/src/main/java",org.apache.sling.api.wrappers,ValueMapDecorator,64,66,4,4,13,16,12,10,8,10
"org.apache.sling.api (7 Jun, 2019 1:25:14 AM)/org.apache.sling.api/src/main/java",org.apache.sling.api.wrappers,DeepReadModifiableValueMapDecorator,5,0,0,0,2,0,1,0,1,0
"org.apache.sling.api (7 Jun, 2019 1:25:14 AM)/org.apache.sling.api/src/main/java",org.apache.sling.api.wrappers,ResourceResolverWrapper,202,0,0,0,42,0,33,0,33,0
"org.apache.sling.api (7 Jun, 2019 1:25:14 AM)/org.apache.sling.api/src/main/java",org.apache.sling.api.resource,QuerySyntaxException,27,0,0,0,10,0,4,0,4,0
"org.apache.sling.api (7 Jun, 2019 1:25:14 AM)/org.apache.sling.api/src/main/java",org.apache.sling.api.resource,ResourceProvider,4,0,0,0,1,0,1,0,1,0
"org.apache.sling.api (7 Jun, 2019 1:25:14 AM)/org.apache.sling.api/src/main/java",org.apache.sling.api.resource,LoginException,16,0,0,0,8,0,4,0,4,0
"org.apache.sling.api (7 Jun, 2019 1:25:14 AM)/org.apache.sling.api/src/main/java",org.apache.sling.api.resource,ResourceResolver,11,0,0,0,1,0,1,0,1,0
"org.apache.sling.api (7 Jun, 2019 1:25:14 AM)/org.apache.sling.api/src/main/java",org.apache.sling.api.resource,ResourceUtil,646,0,116,0,177,0,82,0,24,0
"org.apache.sling.api (7 Jun, 2019 1:25:14 AM)/org.apache.sling.api/src/main/java",org.apache.sling.api.resource,ResourceMetadata,181,144,35,15,58,38,38,16,17,12
"org.apache.sling.api (7 Jun, 2019 1:25:14 AM)/org.apache.sling.api/src/main/java",org.apache.sling.api.resource,AbstractResource.new Iterable() {...},10,0,0,0,2,0,2,0,2,0
"org.apache.sling.api (7 Jun, 2019 1:25:14 AM)/org.apache.sling.api/src/main/java",org.apache.sling.api.resource,ResourceWrapper,105,0,2,0,22,0,18,0,17,0
"org.apache.sling.api (7 Jun, 2019 1:25:14 AM)/org.apache.sling.api/src/main/java",org.apache.sling.api.resource,SyntheticResource,46,24,0,0,12,8,6,2,6,2
"org.apache.sling.api (7 Jun, 2019 1:25:14 AM)/org.apache.sling.api/src/main/java",org.apache.sling.api.resource,ResourceNotFoundException,40,0,0,0,11,0,5,0,5,0
"org.apache.sling.api (7 Jun, 2019 1:25:14 AM)/org.apache.sling.api/src/main/java",org.apache.sling.api.resource,AbstractResource,65,3,4,0,14,1,10,1,8,1
"org.apache.sling.api (7 Jun, 2019 1:25:14 AM)/org.apache.sling.api/src/main/java",org.apache.sling.api.resource,PersistenceException,41,0,0,0,13,0,6,0,6,0
"org.apache.sling.api (7 Jun, 2019 1:25:14 AM)/org.apache.sling.api/src/main/java",org.apache.sling.api.resource,AbstractResourceVisitor,25,0,4,0,10,0,5,0,3,0
"org.apache.sling.api (7 Jun, 2019 1:25:14 AM)/org.apache.sling.api/src/main/java",org.apache.sling.api.resource,ValueMap,0,6,0,0,0,2,0,1,0,1
"org.apache.sling.api (7 Jun, 2019 1:25:14 AM)/org.apache.sling.api/src/main/java",org.apache.sling.api.resource,ResourceUtil.new Iterator() {...},61,0,8,0,15,0,9,0,5,0
"org.apache.sling.api (7 Jun, 2019 1:25:14 AM)/org.apache.sling.api/src/main/java",org.apache.sling.api.resource,ResourceUtil.BatchResourceRemover,49,0,6,0,13,0,5,0,2,0
"org.apache.sling.api (7 Jun, 2019 1:25:14 AM)/org.apache.sling.api/src/main/java",org.apache.sling.api.resource,NonExistingResource,38,0,2,0,8,0,5,0,4,0
"org.apache.sling.api (7 Jun, 2019 1:25:14 AM)/org.apache.sling.api/src/main/java",org.apache.sling.api,SlingConstants,3,0,0,0,1,0,1,0,1,0
"org.apache.sling.api (7 Jun, 2019 1:25:14 AM)/org.apache.sling.api/src/main/java",org.apache.sling.api,SlingException,0,16,0,0,0,8,0,4,0,4
"org.apache.sling.api (7 Jun, 2019 1:25:14 AM)/org.apache.sling.api/src/main/java",org.apache.sling.api,SlingServletException,4,0,0,0,2,0,1,0,1,0
"org.apache.sling.api (7 Jun, 2019 1:25:14 AM)/org.apache.sling.api/src/main/java",org.apache.sling.api,SlingIOException,4,0,0,0,2,0,1,0,1,0
"org.apache.sling.api (7 Jun, 2019 1:25:14 AM)/org.apache.sling.api/src/main/java",org.apache.sling.api.resource.runtime.dto,ResourceProviderDTO,3,0,0,0,1,0,1,0,1,0
"org.apache.sling.api (7 Jun, 2019 1:25:14 AM)/org.apache.sling.api/src/main/java",org.apache.sling.api.resource.runtime.dto,ResourceProviderFailureDTO,3,0,0,0,1,0,1,0,1,0
"org.apache.sling.api (7 Jun, 2019 1:25:14 AM)/org.apache.sling.api/src/main/java",org.apache.sling.api.resource.runtime.dto,AuthType,34,0,0,0,4,0,1,0,1,0
"org.apache.sling.api (7 Jun, 2019 1:25:14 AM)/org.apache.sling.api/src/main/java",org.apache.sling.api.resource.runtime.dto,RuntimeDTO,3,0,0,0,1,0,1,0,1,0
"org.apache.sling.api (7 Jun, 2019 1:25:14 AM)/org.apache.sling.api/src/main/java",org.apache.sling.api.resource.runtime.dto,FailureReason,34,0,0,0,4,0,1,0,1,0
"org.apache.sling.api (7 Jun, 2019 1:25:14 AM)/org.apache.sling.api/src/main/java",org.apache.sling.api.resource.observation,ResourceChange.ChangeType,54,0,0,0,6,0,1,0,1,0
"org.apache.sling.api (7 Jun, 2019 1:25:14 AM)/org.apache.sling.api/src/main/java",org.apache.sling.api.resource.observation,ResourceChange,88,0,0,0,32,0,10,0,10,0
"org.apache.sling.api (7 Jun, 2019 1:25:14 AM)/org.apache.sling.api/src/main/java",org.apache.sling.api.request,ResponseUtil,5,72,1,13,2,17,2,8,1,2
"org.apache.sling.api (7 Jun, 2019 1:25:14 AM)/org.apache.sling.api/src/main/java",org.apache.sling.api.request,RequestDispatcherOptions,37,78,9,13,13,18,12,9,6,4
"org.apache.sling.api (7 Jun, 2019 1:25:14 AM)/org.apache.sling.api/src/main/java",org.apache.sling.api.request,RecursionTooDeepException,4,0,0,0,2,0,1,0,1,0
"org.apache.sling.api (7 Jun, 2019 1:25:14 AM)/org.apache.sling.api/src/main/java",org.apache.sling.api.request,ResponseUtil.XmlEscapingWriter,15,78,0,12,6,22,3,11,3,5
"org.apache.sling.api (7 Jun, 2019 1:25:14 AM)/org.apache.sling.api/src/main/java",org.apache.sling.api.request,RequestUtil,133,112,23,13,29,26,17,7,4,2
"org.apache.sling.api (7 Jun, 2019 1:25:14 AM)/org.apache.sling.api/src/main/java",org.apache.sling.api.request,SlingRequestEvent.EventType,24,0,0,0,1,0,1,0,1,0
"org.apache.sling.api (7 Jun, 2019 1:25:14 AM)/org.apache.sling.api/src/main/java",org.apache.sling.api.request,SlingRequestEvent,21,0,0,0,8,0,4,0,4,0
"org.apache.sling.api (7 Jun, 2019 1:25:14 AM)/org.apache.sling.api/src/main/java",org.apache.sling.api.request,TooManyCallsException,4,0,0,0,2,0,1,0,1,0
"org.apache.sling.api (7 Jun, 2019 1:25:14 AM)/org.apache.sling.api/src/main/java",org.apache.sling.api.wrappers.impl,DateUtils,6,34,3,5,3,13,3,7,0,6
"org.apache.sling.api (7 Jun, 2019 1:25:14 AM)/org.apache.sling.api/src/main/java",org.apache.sling.api.wrappers.impl,ObjectConverter,37,205,11,49,11,57,9,24,0,3
